State 42 conflicts: 2 shift/reduce
State 115 conflicts: 2 shift/reduce
State 116 conflicts: 2 shift/reduce
State 117 conflicts: 2 shift/reduce
State 118 conflicts: 2 shift/reduce
State 119 conflicts: 2 shift/reduce
State 120 conflicts: 2 shift/reduce
State 121 conflicts: 1 shift/reduce
State 123 conflicts: 2 shift/reduce
State 124 conflicts: 2 shift/reduce
State 125 conflicts: 2 shift/reduce
State 126 conflicts: 2 shift/reduce
State 127 conflicts: 2 shift/reduce
State 128 conflicts: 2 shift/reduce
State 131 conflicts: 2 shift/reduce
State 132 conflicts: 2 shift/reduce
State 133 conflicts: 2 shift/reduce
State 134 conflicts: 2 shift/reduce
State 135 conflicts: 2 shift/reduce
State 136 conflicts: 2 shift/reduce


Grammar

    0 $accept: Program $end

    1 Program: StatementList

    2 StatementList: StatementList Statement
    3              | Statement

    4 Statement: DeclarationStmt NEWLINE
    5          | SimpleStmt NEWLINE
    6          | Block
    7          | IfStmt
    8          | ForStmt
    9          | PrintStmt NEWLINE
   10          | NEWLINE

   11 Block: '{' StatementList '}'

   12 Operand: Literal
   13        | Identifier
   14        | '(' Expression ')'

   15 Literal: INT_LIT
   16        | FLOAT_LIT
   17        | BOOL_LIT
   18        | '"' STRING_LIT '"'

   19 ConversionExpr: INT '(' Factor ')'
   20               | FLOAT '(' Factor ')'

   21 TypeName: INT
   22         | FLOAT
   23         | STRING
   24         | BOOL

   25 ArrayType: '[' Literal ']'

   26 DeclarationStmt: VAR IDENT TypeName
   27                | VAR IDENT TypeName '=' Factor
   28                | VAR IDENT ArrayType TypeName

   29 Identifier: IDENT

   30 SimpleStmt: AssignmentStmt
   31           | IncDecStmt
   32           | LogiLOR
   33           | ErrorStmt

   34 AssignmentStmt: IdentifierStmt '=' Expression
   35               | IdentifierStmt ADD_ASSIGN Expression
   36               | IdentifierStmt SUB_ASSIGN Expression
   37               | IdentifierStmt MUL_ASSIGN Expression
   38               | IdentifierStmt QUO_ASSIGN Expression
   39               | IdentifierStmt REM_ASSIGN Expression

   40 IdentifierStmt: Identifier
   41               | Identifier ArrayType

   42 IncDecStmt: Factor INC
   43           | Factor DEC

   44 ErrorStmt: Literal '=' Expression
   45          | Literal ADD_ASSIGN Expression
   46          | Literal SUB_ASSIGN Expression
   47          | Literal MUL_ASSIGN Expression
   48          | Literal QUO_ASSIGN Expression
   49          | Literal REM_ASSIGN Expression

   50 IfStmt: IF Comparison
   51       | ELSE IfStmt
   52       | ELSE Block

   53 ForStmt: FOR Comparison
   54        | FOR SimpleStmt ';' Comparison ';' SimpleStmt

   55 PrintStmt: PRINT '(' LogiLOR ')'
   56          | PRINTLN '(' LogiLOR ')'

   57 LogiLOR: LogiLOR LOR LogiLAND
   58        | LogiLAND

   59 LogiLAND: LogiLAND LAND Comparison
   60         | Comparison

   61 Comparison: Comparison GTR Expression
   62           | Comparison LSS Expression
   63           | Comparison GEQ Expression
   64           | Comparison LEQ Expression
   65           | Comparison EQL Expression
   66           | Comparison NEQ Expression
   67           | Expression

   68 Expression: Expression '+' Term
   69           | Expression '-' Term
   70           | Term

   71 Term: Term '*' Factor
   72     | Term '/' Factor
   73     | Term '%' Factor
   74     | ConversionExpr
   75     | Factor

   76 Factor: Operand
   77       | Identifier '[' Expression ']'
   78       | TRUE
   79       | FALSE
   80       | UnaryExpr

   81 UnaryExpr: '+' Factor
   82          | '-' Factor
   83          | '!' Factor


Terminals, with rules where they appear

$end (0) 0
'!' (33) 83
'"' (34) 18
'%' (37) 73
'(' (40) 14 19 20 55 56
')' (41) 14 19 20 55 56
'*' (42) 71
'+' (43) 68 81
'-' (45) 69 82
'/' (47) 72
';' (59) 54
'=' (61) 27 34 44
'[' (91) 25 77
']' (93) 25 77
'{' (123) 11
'}' (125) 11
error (256)
VAR (258) 26 27 28
INT (259) 19 21
FLOAT (260) 20 22
BOOL (261) 24
STRING (262) 23
NEWLINE (263) 4 5 9 10
INC (264) 42
DEC (265) 43
GEQ (266) 63
LEQ (267) 64
EQL (268) 65
NEQ (269) 66
GTR (270) 61
LSS (271) 62
ADD_ASSIGN (272) 35 45
SUB_ASSIGN (273) 36 46
MUL_ASSIGN (274) 37 47
QUO_ASSIGN (275) 38 48
REM_ASSIGN (276) 39 49
LAND (277) 59
LOR (278) 57
PRINT (279) 55
PRINTLN (280) 56
IF (281) 50
ELSE (282) 51 52
FOR (283) 53 54
TRUE (284) 78
FALSE (285) 79
INT_LIT (286) 15
FLOAT_LIT (287) 16
STRING_LIT (288) 18
BOOL_LIT (289) 17
IDENT (290) 26 27 28 29


Nonterminals, with rules where they appear

$accept (51)
    on left: 0
Program (52)
    on left: 1, on right: 0
StatementList (53)
    on left: 2 3, on right: 1 2 11
Statement (54)
    on left: 4 5 6 7 8 9 10, on right: 2 3
Block (55)
    on left: 11, on right: 6 52
Operand (56)
    on left: 12 13 14, on right: 76
Literal (57)
    on left: 15 16 17 18, on right: 12 25 44 45 46 47 48 49
ConversionExpr (58)
    on left: 19 20, on right: 74
TypeName (59)
    on left: 21 22 23 24, on right: 26 27 28
ArrayType (60)
    on left: 25, on right: 28 41
DeclarationStmt (61)
    on left: 26 27 28, on right: 4
Identifier (62)
    on left: 29, on right: 13 40 41 77
SimpleStmt (63)
    on left: 30 31 32 33, on right: 5 54
AssignmentStmt (64)
    on left: 34 35 36 37 38 39, on right: 30
IdentifierStmt (65)
    on left: 40 41, on right: 34 35 36 37 38 39
IncDecStmt (66)
    on left: 42 43, on right: 31
ErrorStmt (67)
    on left: 44 45 46 47 48 49, on right: 33
IfStmt (68)
    on left: 50 51 52, on right: 7 51
ForStmt (69)
    on left: 53 54, on right: 8
PrintStmt (70)
    on left: 55 56, on right: 9
LogiLOR (71)
    on left: 57 58, on right: 32 55 56 57
LogiLAND (72)
    on left: 59 60, on right: 57 58 59
Comparison (73)
    on left: 61 62 63 64 65 66 67, on right: 50 53 54 59 60 61 62 63
    64 65 66
Expression (74)
    on left: 68 69 70, on right: 14 34 35 36 37 38 39 44 45 46 47 48
    49 61 62 63 64 65 66 67 68 69 77
Term (75)
    on left: 71 72 73 74 75, on right: 68 69 70 71 72 73
Factor (76)
    on left: 76 77 78 79 80, on right: 19 20 27 42 43 71 72 73 75 81
    82 83
UnaryExpr (77)
    on left: 81 82 83, on right: 80


State 0

    0 $accept: . Program $end

    VAR        shift, and go to state 1
    INT        shift, and go to state 2
    FLOAT      shift, and go to state 3
    NEWLINE    shift, and go to state 4
    PRINT      shift, and go to state 5
    PRINTLN    shift, and go to state 6
    IF         shift, and go to state 7
    ELSE       shift, and go to state 8
    FOR        shift, and go to state 9
    TRUE       shift, and go to state 10
    FALSE      shift, and go to state 11
    INT_LIT    shift, and go to state 12
    FLOAT_LIT  shift, and go to state 13
    BOOL_LIT   shift, and go to state 14
    IDENT      shift, and go to state 15
    '{'        shift, and go to state 16
    '('        shift, and go to state 17
    '"'        shift, and go to state 18
    '+'        shift, and go to state 19
    '-'        shift, and go to state 20
    '!'        shift, and go to state 21

    Program          go to state 22
    StatementList    go to state 23
    Statement        go to state 24
    Block            go to state 25
    Operand          go to state 26
    Literal          go to state 27
    ConversionExpr   go to state 28
    DeclarationStmt  go to state 29
    Identifier       go to state 30
    SimpleStmt       go to state 31
    AssignmentStmt   go to state 32
    IdentifierStmt   go to state 33
    IncDecStmt       go to state 34
    ErrorStmt        go to state 35
    IfStmt           go to state 36
    ForStmt          go to state 37
    PrintStmt        go to state 38
    LogiLOR          go to state 39
    LogiLAND         go to state 40
    Comparison       go to state 41
    Expression       go to state 42
    Term             go to state 43
    Factor           go to state 44
    UnaryExpr        go to state 45


State 1

   26 DeclarationStmt: VAR . IDENT TypeName
   27                | VAR . IDENT TypeName '=' Factor
   28                | VAR . IDENT ArrayType TypeName

    IDENT  shift, and go to state 46


State 2

   19 ConversionExpr: INT . '(' Factor ')'

    '('  shift, and go to state 47


State 3

   20 ConversionExpr: FLOAT . '(' Factor ')'

    '('  shift, and go to state 48


State 4

   10 Statement: NEWLINE .

    $default  reduce using rule 10 (Statement)


State 5

   55 PrintStmt: PRINT . '(' LogiLOR ')'

    '('  shift, and go to state 49


State 6

   56 PrintStmt: PRINTLN . '(' LogiLOR ')'

    '('  shift, and go to state 50


State 7

   50 IfStmt: IF . Comparison

    INT        shift, and go to state 2
    FLOAT      shift, and go to state 3
    TRUE       shift, and go to state 10
    FALSE      shift, and go to state 11
    INT_LIT    shift, and go to state 12
    FLOAT_LIT  shift, and go to state 13
    BOOL_LIT   shift, and go to state 14
    IDENT      shift, and go to state 15
    '('        shift, and go to state 17
    '"'        shift, and go to state 18
    '+'        shift, and go to state 19
    '-'        shift, and go to state 20
    '!'        shift, and go to state 21

    Operand         go to state 26
    Literal         go to state 51
    ConversionExpr  go to state 28
    Identifier      go to state 52
    Comparison      go to state 53
    Expression      go to state 42
    Term            go to state 43
    Factor          go to state 54
    UnaryExpr       go to state 45


State 8

   51 IfStmt: ELSE . IfStmt
   52       | ELSE . Block

    IF    shift, and go to state 7
    ELSE  shift, and go to state 8
    '{'   shift, and go to state 16

    Block   go to state 55
    IfStmt  go to state 56


State 9

   53 ForStmt: FOR . Comparison
   54        | FOR . SimpleStmt ';' Comparison ';' SimpleStmt

    INT        shift, and go to state 2
    FLOAT      shift, and go to state 3
    TRUE       shift, and go to state 10
    FALSE      shift, and go to state 11
    INT_LIT    shift, and go to state 12
    FLOAT_LIT  shift, and go to state 13
    BOOL_LIT   shift, and go to state 14
    IDENT      shift, and go to state 15
    '('        shift, and go to state 17
    '"'        shift, and go to state 18
    '+'        shift, and go to state 19
    '-'        shift, and go to state 20
    '!'        shift, and go to state 21

    Operand         go to state 26
    Literal         go to state 27
    ConversionExpr  go to state 28
    Identifier      go to state 30
    SimpleStmt      go to state 57
    AssignmentStmt  go to state 32
    IdentifierStmt  go to state 33
    IncDecStmt      go to state 34
    ErrorStmt       go to state 35
    LogiLOR         go to state 39
    LogiLAND        go to state 40
    Comparison      go to state 58
    Expression      go to state 42
    Term            go to state 43
    Factor          go to state 44
    UnaryExpr       go to state 45


State 10

   78 Factor: TRUE .

    $default  reduce using rule 78 (Factor)


State 11

   79 Factor: FALSE .

    $default  reduce using rule 79 (Factor)


State 12

   15 Literal: INT_LIT .

    $default  reduce using rule 15 (Literal)


State 13

   16 Literal: FLOAT_LIT .

    $default  reduce using rule 16 (Literal)


State 14

   17 Literal: BOOL_LIT .

    $default  reduce using rule 17 (Literal)


State 15

   29 Identifier: IDENT .

    $default  reduce using rule 29 (Identifier)


State 16

   11 Block: '{' . StatementList '}'

    VAR        shift, and go to state 1
    INT        shift, and go to state 2
    FLOAT      shift, and go to state 3
    NEWLINE    shift, and go to state 4
    PRINT      shift, and go to state 5
    PRINTLN    shift, and go to state 6
    IF         shift, and go to state 7
    ELSE       shift, and go to state 8
    FOR        shift, and go to state 9
    TRUE       shift, and go to state 10
    FALSE      shift, and go to state 11
    INT_LIT    shift, and go to state 12
    FLOAT_LIT  shift, and go to state 13
    BOOL_LIT   shift, and go to state 14
    IDENT      shift, and go to state 15
    '{'        shift, and go to state 16
    '('        shift, and go to state 17
    '"'        shift, and go to state 18
    '+'        shift, and go to state 19
    '-'        shift, and go to state 20
    '!'        shift, and go to state 21

    StatementList    go to state 59
    Statement        go to state 24
    Block            go to state 25
    Operand          go to state 26
    Literal          go to state 27
    ConversionExpr   go to state 28
    DeclarationStmt  go to state 29
    Identifier       go to state 30
    SimpleStmt       go to state 31
    AssignmentStmt   go to state 32
    IdentifierStmt   go to state 33
    IncDecStmt       go to state 34
    ErrorStmt        go to state 35
    IfStmt           go to state 36
    ForStmt          go to state 37
    PrintStmt        go to state 38
    LogiLOR          go to state 39
    LogiLAND         go to state 40
    Comparison       go to state 41
    Expression       go to state 42
    Term             go to state 43
    Factor           go to state 44
    UnaryExpr        go to state 45


State 17

   14 Operand: '(' . Expression ')'

    INT        shift, and go to state 2
    FLOAT      shift, and go to state 3
    TRUE       shift, and go to state 10
    FALSE      shift, and go to state 11
    INT_LIT    shift, and go to state 12
    FLOAT_LIT  shift, and go to state 13
    BOOL_LIT   shift, and go to state 14
    IDENT      shift, and go to state 15
    '('        shift, and go to state 17
    '"'        shift, and go to state 18
    '+'        shift, and go to state 19
    '-'        shift, and go to state 20
    '!'        shift, and go to state 21

    Operand         go to state 26
    Literal         go to state 51
    ConversionExpr  go to state 28
    Identifier      go to state 52
    Expression      go to state 60
    Term            go to state 43
    Factor          go to state 54
    UnaryExpr       go to state 45


State 18

   18 Literal: '"' . STRING_LIT '"'

    STRING_LIT  shift, and go to state 61


State 19

   81 UnaryExpr: '+' . Factor

    TRUE       shift, and go to state 10
    FALSE      shift, and go to state 11
    INT_LIT    shift, and go to state 12
    FLOAT_LIT  shift, and go to state 13
    BOOL_LIT   shift, and go to state 14
    IDENT      shift, and go to state 15
    '('        shift, and go to state 17
    '"'        shift, and go to state 18
    '+'        shift, and go to state 19
    '-'        shift, and go to state 20
    '!'        shift, and go to state 21

    Operand     go to state 26
    Literal     go to state 51
    Identifier  go to state 52
    Factor      go to state 62
    UnaryExpr   go to state 45


State 20

   82 UnaryExpr: '-' . Factor

    TRUE       shift, and go to state 10
    FALSE      shift, and go to state 11
    INT_LIT    shift, and go to state 12
    FLOAT_LIT  shift, and go to state 13
    BOOL_LIT   shift, and go to state 14
    IDENT      shift, and go to state 15
    '('        shift, and go to state 17
    '"'        shift, and go to state 18
    '+'        shift, and go to state 19
    '-'        shift, and go to state 20
    '!'        shift, and go to state 21

    Operand     go to state 26
    Literal     go to state 51
    Identifier  go to state 52
    Factor      go to state 63
    UnaryExpr   go to state 45


State 21

   83 UnaryExpr: '!' . Factor

    TRUE       shift, and go to state 10
    FALSE      shift, and go to state 11
    INT_LIT    shift, and go to state 12
    FLOAT_LIT  shift, and go to state 13
    BOOL_LIT   shift, and go to state 14
    IDENT      shift, and go to state 15
    '('        shift, and go to state 17
    '"'        shift, and go to state 18
    '+'        shift, and go to state 19
    '-'        shift, and go to state 20
    '!'        shift, and go to state 21

    Operand     go to state 26
    Literal     go to state 51
    Identifier  go to state 52
    Factor      go to state 64
    UnaryExpr   go to state 45


State 22

    0 $accept: Program . $end

    $end  shift, and go to state 65


State 23

    1 Program: StatementList .
    2 StatementList: StatementList . Statement

    VAR        shift, and go to state 1
    INT        shift, and go to state 2
    FLOAT      shift, and go to state 3
    NEWLINE    shift, and go to state 4
    PRINT      shift, and go to state 5
    PRINTLN    shift, and go to state 6
    IF         shift, and go to state 7
    ELSE       shift, and go to state 8
    FOR        shift, and go to state 9
    TRUE       shift, and go to state 10
    FALSE      shift, and go to state 11
    INT_LIT    shift, and go to state 12
    FLOAT_LIT  shift, and go to state 13
    BOOL_LIT   shift, and go to state 14
    IDENT      shift, and go to state 15
    '{'        shift, and go to state 16
    '('        shift, and go to state 17
    '"'        shift, and go to state 18
    '+'        shift, and go to state 19
    '-'        shift, and go to state 20
    '!'        shift, and go to state 21

    $default  reduce using rule 1 (Program)

    Statement        go to state 66
    Block            go to state 25
    Operand          go to state 26
    Literal          go to state 27
    ConversionExpr   go to state 28
    DeclarationStmt  go to state 29
    Identifier       go to state 30
    SimpleStmt       go to state 31
    AssignmentStmt   go to state 32
    IdentifierStmt   go to state 33
    IncDecStmt       go to state 34
    ErrorStmt        go to state 35
    IfStmt           go to state 36
    ForStmt          go to state 37
    PrintStmt        go to state 38
    LogiLOR          go to state 39
    LogiLAND         go to state 40
    Comparison       go to state 41
    Expression       go to state 42
    Term             go to state 43
    Factor           go to state 44
    UnaryExpr        go to state 45


State 24

    3 StatementList: Statement .

    $default  reduce using rule 3 (StatementList)


State 25

    6 Statement: Block .

    $default  reduce using rule 6 (Statement)


State 26

   76 Factor: Operand .

    $default  reduce using rule 76 (Factor)


State 27

   12 Operand: Literal .
   44 ErrorStmt: Literal . '=' Expression
   45          | Literal . ADD_ASSIGN Expression
   46          | Literal . SUB_ASSIGN Expression
   47          | Literal . MUL_ASSIGN Expression
   48          | Literal . QUO_ASSIGN Expression
   49          | Literal . REM_ASSIGN Expression

    ADD_ASSIGN  shift, and go to state 67
    SUB_ASSIGN  shift, and go to state 68
    MUL_ASSIGN  shift, and go to state 69
    QUO_ASSIGN  shift, and go to state 70
    REM_ASSIGN  shift, and go to state 71
    '='         shift, and go to state 72

    $default  reduce using rule 12 (Operand)


State 28

   74 Term: ConversionExpr .

    $default  reduce using rule 74 (Term)


State 29

    4 Statement: DeclarationStmt . NEWLINE

    NEWLINE  shift, and go to state 73


State 30

   13 Operand: Identifier .
   40 IdentifierStmt: Identifier .
   41               | Identifier . ArrayType
   77 Factor: Identifier . '[' Expression ']'

    '['  shift, and go to state 74

    ADD_ASSIGN  reduce using rule 40 (IdentifierStmt)
    SUB_ASSIGN  reduce using rule 40 (IdentifierStmt)
    MUL_ASSIGN  reduce using rule 40 (IdentifierStmt)
    QUO_ASSIGN  reduce using rule 40 (IdentifierStmt)
    REM_ASSIGN  reduce using rule 40 (IdentifierStmt)
    '='         reduce using rule 40 (IdentifierStmt)
    $default    reduce using rule 13 (Operand)

    ArrayType  go to state 75


State 31

    5 Statement: SimpleStmt . NEWLINE

    NEWLINE  shift, and go to state 76


State 32

   30 SimpleStmt: AssignmentStmt .

    $default  reduce using rule 30 (SimpleStmt)


State 33

   34 AssignmentStmt: IdentifierStmt . '=' Expression
   35               | IdentifierStmt . ADD_ASSIGN Expression
   36               | IdentifierStmt . SUB_ASSIGN Expression
   37               | IdentifierStmt . MUL_ASSIGN Expression
   38               | IdentifierStmt . QUO_ASSIGN Expression
   39               | IdentifierStmt . REM_ASSIGN Expression

    ADD_ASSIGN  shift, and go to state 77
    SUB_ASSIGN  shift, and go to state 78
    MUL_ASSIGN  shift, and go to state 79
    QUO_ASSIGN  shift, and go to state 80
    REM_ASSIGN  shift, and go to state 81
    '='         shift, and go to state 82


State 34

   31 SimpleStmt: IncDecStmt .

    $default  reduce using rule 31 (SimpleStmt)


State 35

   33 SimpleStmt: ErrorStmt .

    $default  reduce using rule 33 (SimpleStmt)


State 36

    7 Statement: IfStmt .

    $default  reduce using rule 7 (Statement)


State 37

    8 Statement: ForStmt .

    $default  reduce using rule 8 (Statement)


State 38

    9 Statement: PrintStmt . NEWLINE

    NEWLINE  shift, and go to state 83


State 39

   32 SimpleStmt: LogiLOR .
   57 LogiLOR: LogiLOR . LOR LogiLAND

    LOR  shift, and go to state 84

    $default  reduce using rule 32 (SimpleStmt)


State 40

   58 LogiLOR: LogiLAND .
   59 LogiLAND: LogiLAND . LAND Comparison

    LAND  shift, and go to state 85

    $default  reduce using rule 58 (LogiLOR)


State 41

   60 LogiLAND: Comparison .
   61 Comparison: Comparison . GTR Expression
   62           | Comparison . LSS Expression
   63           | Comparison . GEQ Expression
   64           | Comparison . LEQ Expression
   65           | Comparison . EQL Expression
   66           | Comparison . NEQ Expression

    GEQ  shift, and go to state 86
    LEQ  shift, and go to state 87
    EQL  shift, and go to state 88
    NEQ  shift, and go to state 89
    GTR  shift, and go to state 90
    LSS  shift, and go to state 91

    $default  reduce using rule 60 (LogiLAND)


State 42

   67 Comparison: Expression .
   68 Expression: Expression . '+' Term
   69           | Expression . '-' Term

    '+'  shift, and go to state 92
    '-'  shift, and go to state 93

    '+'       [reduce using rule 67 (Comparison)]
    '-'       [reduce using rule 67 (Comparison)]
    $default  reduce using rule 67 (Comparison)


State 43

   70 Expression: Term .
   71 Term: Term . '*' Factor
   72     | Term . '/' Factor
   73     | Term . '%' Factor

    '*'  shift, and go to state 94
    '/'  shift, and go to state 95
    '%'  shift, and go to state 96

    $default  reduce using rule 70 (Expression)


State 44

   42 IncDecStmt: Factor . INC
   43           | Factor . DEC
   75 Term: Factor .

    INC  shift, and go to state 97
    DEC  shift, and go to state 98

    $default  reduce using rule 75 (Term)


State 45

   80 Factor: UnaryExpr .

    $default  reduce using rule 80 (Factor)


State 46

   26 DeclarationStmt: VAR IDENT . TypeName
   27                | VAR IDENT . TypeName '=' Factor
   28                | VAR IDENT . ArrayType TypeName

    INT     shift, and go to state 99
    FLOAT   shift, and go to state 100
    BOOL    shift, and go to state 101
    STRING  shift, and go to state 102
    '['     shift, and go to state 103

    TypeName   go to state 104
    ArrayType  go to state 105


State 47

   19 ConversionExpr: INT '(' . Factor ')'

    TRUE       shift, and go to state 10
    FALSE      shift, and go to state 11
    INT_LIT    shift, and go to state 12
    FLOAT_LIT  shift, and go to state 13
    BOOL_LIT   shift, and go to state 14
    IDENT      shift, and go to state 15
    '('        shift, and go to state 17
    '"'        shift, and go to state 18
    '+'        shift, and go to state 19
    '-'        shift, and go to state 20
    '!'        shift, and go to state 21

    Operand     go to state 26
    Literal     go to state 51
    Identifier  go to state 52
    Factor      go to state 106
    UnaryExpr   go to state 45


State 48

   20 ConversionExpr: FLOAT '(' . Factor ')'

    TRUE       shift, and go to state 10
    FALSE      shift, and go to state 11
    INT_LIT    shift, and go to state 12
    FLOAT_LIT  shift, and go to state 13
    BOOL_LIT   shift, and go to state 14
    IDENT      shift, and go to state 15
    '('        shift, and go to state 17
    '"'        shift, and go to state 18
    '+'        shift, and go to state 19
    '-'        shift, and go to state 20
    '!'        shift, and go to state 21

    Operand     go to state 26
    Literal     go to state 51
    Identifier  go to state 52
    Factor      go to state 107
    UnaryExpr   go to state 45


State 49

   55 PrintStmt: PRINT '(' . LogiLOR ')'

    INT        shift, and go to state 2
    FLOAT      shift, and go to state 3
    TRUE       shift, and go to state 10
    FALSE      shift, and go to state 11
    INT_LIT    shift, and go to state 12
    FLOAT_LIT  shift, and go to state 13
    BOOL_LIT   shift, and go to state 14
    IDENT      shift, and go to state 15
    '('        shift, and go to state 17
    '"'        shift, and go to state 18
    '+'        shift, and go to state 19
    '-'        shift, and go to state 20
    '!'        shift, and go to state 21

    Operand         go to state 26
    Literal         go to state 51
    ConversionExpr  go to state 28
    Identifier      go to state 52
    LogiLOR         go to state 108
    LogiLAND        go to state 40
    Comparison      go to state 41
    Expression      go to state 42
    Term            go to state 43
    Factor          go to state 54
    UnaryExpr       go to state 45


State 50

   56 PrintStmt: PRINTLN '(' . LogiLOR ')'

    INT        shift, and go to state 2
    FLOAT      shift, and go to state 3
    TRUE       shift, and go to state 10
    FALSE      shift, and go to state 11
    INT_LIT    shift, and go to state 12
    FLOAT_LIT  shift, and go to state 13
    BOOL_LIT   shift, and go to state 14
    IDENT      shift, and go to state 15
    '('        shift, and go to state 17
    '"'        shift, and go to state 18
    '+'        shift, and go to state 19
    '-'        shift, and go to state 20
    '!'        shift, and go to state 21

    Operand         go to state 26
    Literal         go to state 51
    ConversionExpr  go to state 28
    Identifier      go to state 52
    LogiLOR         go to state 109
    LogiLAND        go to state 40
    Comparison      go to state 41
    Expression      go to state 42
    Term            go to state 43
    Factor          go to state 54
    UnaryExpr       go to state 45


State 51

   12 Operand: Literal .

    $default  reduce using rule 12 (Operand)


State 52

   13 Operand: Identifier .
   77 Factor: Identifier . '[' Expression ']'

    '['  shift, and go to state 110

    $default  reduce using rule 13 (Operand)


State 53

   50 IfStmt: IF Comparison .
   61 Comparison: Comparison . GTR Expression
   62           | Comparison . LSS Expression
   63           | Comparison . GEQ Expression
   64           | Comparison . LEQ Expression
   65           | Comparison . EQL Expression
   66           | Comparison . NEQ Expression

    GEQ  shift, and go to state 86
    LEQ  shift, and go to state 87
    EQL  shift, and go to state 88
    NEQ  shift, and go to state 89
    GTR  shift, and go to state 90
    LSS  shift, and go to state 91

    $default  reduce using rule 50 (IfStmt)


State 54

   75 Term: Factor .

    $default  reduce using rule 75 (Term)


State 55

   52 IfStmt: ELSE Block .

    $default  reduce using rule 52 (IfStmt)


State 56

   51 IfStmt: ELSE IfStmt .

    $default  reduce using rule 51 (IfStmt)


State 57

   54 ForStmt: FOR SimpleStmt . ';' Comparison ';' SimpleStmt

    ';'  shift, and go to state 111


State 58

   53 ForStmt: FOR Comparison .
   60 LogiLAND: Comparison .
   61 Comparison: Comparison . GTR Expression
   62           | Comparison . LSS Expression
   63           | Comparison . GEQ Expression
   64           | Comparison . LEQ Expression
   65           | Comparison . EQL Expression
   66           | Comparison . NEQ Expression

    GEQ  shift, and go to state 86
    LEQ  shift, and go to state 87
    EQL  shift, and go to state 88
    NEQ  shift, and go to state 89
    GTR  shift, and go to state 90
    LSS  shift, and go to state 91

    LAND      reduce using rule 60 (LogiLAND)
    LOR       reduce using rule 60 (LogiLAND)
    ';'       reduce using rule 60 (LogiLAND)
    $default  reduce using rule 53 (ForStmt)


State 59

    2 StatementList: StatementList . Statement
   11 Block: '{' StatementList . '}'

    VAR        shift, and go to state 1
    INT        shift, and go to state 2
    FLOAT      shift, and go to state 3
    NEWLINE    shift, and go to state 4
    PRINT      shift, and go to state 5
    PRINTLN    shift, and go to state 6
    IF         shift, and go to state 7
    ELSE       shift, and go to state 8
    FOR        shift, and go to state 9
    TRUE       shift, and go to state 10
    FALSE      shift, and go to state 11
    INT_LIT    shift, and go to state 12
    FLOAT_LIT  shift, and go to state 13
    BOOL_LIT   shift, and go to state 14
    IDENT      shift, and go to state 15
    '{'        shift, and go to state 16
    '}'        shift, and go to state 112
    '('        shift, and go to state 17
    '"'        shift, and go to state 18
    '+'        shift, and go to state 19
    '-'        shift, and go to state 20
    '!'        shift, and go to state 21

    Statement        go to state 66
    Block            go to state 25
    Operand          go to state 26
    Literal          go to state 27
    ConversionExpr   go to state 28
    DeclarationStmt  go to state 29
    Identifier       go to state 30
    SimpleStmt       go to state 31
    AssignmentStmt   go to state 32
    IdentifierStmt   go to state 33
    IncDecStmt       go to state 34
    ErrorStmt        go to state 35
    IfStmt           go to state 36
    ForStmt          go to state 37
    PrintStmt        go to state 38
    LogiLOR          go to state 39
    LogiLAND         go to state 40
    Comparison       go to state 41
    Expression       go to state 42
    Term             go to state 43
    Factor           go to state 44
    UnaryExpr        go to state 45


State 60

   14 Operand: '(' Expression . ')'
   68 Expression: Expression . '+' Term
   69           | Expression . '-' Term

    ')'  shift, and go to state 113
    '+'  shift, and go to state 92
    '-'  shift, and go to state 93


State 61

   18 Literal: '"' STRING_LIT . '"'

    '"'  shift, and go to state 114


State 62

   81 UnaryExpr: '+' Factor .

    $default  reduce using rule 81 (UnaryExpr)


State 63

   82 UnaryExpr: '-' Factor .

    $default  reduce using rule 82 (UnaryExpr)


State 64

   83 UnaryExpr: '!' Factor .

    $default  reduce using rule 83 (UnaryExpr)


State 65

    0 $accept: Program $end .

    $default  accept


State 66

    2 StatementList: StatementList Statement .

    $default  reduce using rule 2 (StatementList)


State 67

   45 ErrorStmt: Literal ADD_ASSIGN . Expression

    INT        shift, and go to state 2
    FLOAT      shift, and go to state 3
    TRUE       shift, and go to state 10
    FALSE      shift, and go to state 11
    INT_LIT    shift, and go to state 12
    FLOAT_LIT  shift, and go to state 13
    BOOL_LIT   shift, and go to state 14
    IDENT      shift, and go to state 15
    '('        shift, and go to state 17
    '"'        shift, and go to state 18
    '+'        shift, and go to state 19
    '-'        shift, and go to state 20
    '!'        shift, and go to state 21

    Operand         go to state 26
    Literal         go to state 51
    ConversionExpr  go to state 28
    Identifier      go to state 52
    Expression      go to state 115
    Term            go to state 43
    Factor          go to state 54
    UnaryExpr       go to state 45


State 68

   46 ErrorStmt: Literal SUB_ASSIGN . Expression

    INT        shift, and go to state 2
    FLOAT      shift, and go to state 3
    TRUE       shift, and go to state 10
    FALSE      shift, and go to state 11
    INT_LIT    shift, and go to state 12
    FLOAT_LIT  shift, and go to state 13
    BOOL_LIT   shift, and go to state 14
    IDENT      shift, and go to state 15
    '('        shift, and go to state 17
    '"'        shift, and go to state 18
    '+'        shift, and go to state 19
    '-'        shift, and go to state 20
    '!'        shift, and go to state 21

    Operand         go to state 26
    Literal         go to state 51
    ConversionExpr  go to state 28
    Identifier      go to state 52
    Expression      go to state 116
    Term            go to state 43
    Factor          go to state 54
    UnaryExpr       go to state 45


State 69

   47 ErrorStmt: Literal MUL_ASSIGN . Expression

    INT        shift, and go to state 2
    FLOAT      shift, and go to state 3
    TRUE       shift, and go to state 10
    FALSE      shift, and go to state 11
    INT_LIT    shift, and go to state 12
    FLOAT_LIT  shift, and go to state 13
    BOOL_LIT   shift, and go to state 14
    IDENT      shift, and go to state 15
    '('        shift, and go to state 17
    '"'        shift, and go to state 18
    '+'        shift, and go to state 19
    '-'        shift, and go to state 20
    '!'        shift, and go to state 21

    Operand         go to state 26
    Literal         go to state 51
    ConversionExpr  go to state 28
    Identifier      go to state 52
    Expression      go to state 117
    Term            go to state 43
    Factor          go to state 54
    UnaryExpr       go to state 45


State 70

   48 ErrorStmt: Literal QUO_ASSIGN . Expression

    INT        shift, and go to state 2
    FLOAT      shift, and go to state 3
    TRUE       shift, and go to state 10
    FALSE      shift, and go to state 11
    INT_LIT    shift, and go to state 12
    FLOAT_LIT  shift, and go to state 13
    BOOL_LIT   shift, and go to state 14
    IDENT      shift, and go to state 15
    '('        shift, and go to state 17
    '"'        shift, and go to state 18
    '+'        shift, and go to state 19
    '-'        shift, and go to state 20
    '!'        shift, and go to state 21

    Operand         go to state 26
    Literal         go to state 51
    ConversionExpr  go to state 28
    Identifier      go to state 52
    Expression      go to state 118
    Term            go to state 43
    Factor          go to state 54
    UnaryExpr       go to state 45


State 71

   49 ErrorStmt: Literal REM_ASSIGN . Expression

    INT        shift, and go to state 2
    FLOAT      shift, and go to state 3
    TRUE       shift, and go to state 10
    FALSE      shift, and go to state 11
    INT_LIT    shift, and go to state 12
    FLOAT_LIT  shift, and go to state 13
    BOOL_LIT   shift, and go to state 14
    IDENT      shift, and go to state 15
    '('        shift, and go to state 17
    '"'        shift, and go to state 18
    '+'        shift, and go to state 19
    '-'        shift, and go to state 20
    '!'        shift, and go to state 21

    Operand         go to state 26
    Literal         go to state 51
    ConversionExpr  go to state 28
    Identifier      go to state 52
    Expression      go to state 119
    Term            go to state 43
    Factor          go to state 54
    UnaryExpr       go to state 45


State 72

   44 ErrorStmt: Literal '=' . Expression

    INT        shift, and go to state 2
    FLOAT      shift, and go to state 3
    TRUE       shift, and go to state 10
    FALSE      shift, and go to state 11
    INT_LIT    shift, and go to state 12
    FLOAT_LIT  shift, and go to state 13
    BOOL_LIT   shift, and go to state 14
    IDENT      shift, and go to state 15
    '('        shift, and go to state 17
    '"'        shift, and go to state 18
    '+'        shift, and go to state 19
    '-'        shift, and go to state 20
    '!'        shift, and go to state 21

    Operand         go to state 26
    Literal         go to state 51
    ConversionExpr  go to state 28
    Identifier      go to state 52
    Expression      go to state 120
    Term            go to state 43
    Factor          go to state 54
    UnaryExpr       go to state 45


State 73

    4 Statement: DeclarationStmt NEWLINE .

    $default  reduce using rule 4 (Statement)


State 74

   25 ArrayType: '[' . Literal ']'
   77 Factor: Identifier '[' . Expression ']'

    INT        shift, and go to state 2
    FLOAT      shift, and go to state 3
    TRUE       shift, and go to state 10
    FALSE      shift, and go to state 11
    INT_LIT    shift, and go to state 12
    FLOAT_LIT  shift, and go to state 13
    BOOL_LIT   shift, and go to state 14
    IDENT      shift, and go to state 15
    '('        shift, and go to state 17
    '"'        shift, and go to state 18
    '+'        shift, and go to state 19
    '-'        shift, and go to state 20
    '!'        shift, and go to state 21

    Operand         go to state 26
    Literal         go to state 121
    ConversionExpr  go to state 28
    Identifier      go to state 52
    Expression      go to state 122
    Term            go to state 43
    Factor          go to state 54
    UnaryExpr       go to state 45


State 75

   41 IdentifierStmt: Identifier ArrayType .

    $default  reduce using rule 41 (IdentifierStmt)


State 76

    5 Statement: SimpleStmt NEWLINE .

    $default  reduce using rule 5 (Statement)


State 77

   35 AssignmentStmt: IdentifierStmt ADD_ASSIGN . Expression

    INT        shift, and go to state 2
    FLOAT      shift, and go to state 3
    TRUE       shift, and go to state 10
    FALSE      shift, and go to state 11
    INT_LIT    shift, and go to state 12
    FLOAT_LIT  shift, and go to state 13
    BOOL_LIT   shift, and go to state 14
    IDENT      shift, and go to state 15
    '('        shift, and go to state 17
    '"'        shift, and go to state 18
    '+'        shift, and go to state 19
    '-'        shift, and go to state 20
    '!'        shift, and go to state 21

    Operand         go to state 26
    Literal         go to state 51
    ConversionExpr  go to state 28
    Identifier      go to state 52
    Expression      go to state 123
    Term            go to state 43
    Factor          go to state 54
    UnaryExpr       go to state 45


State 78

   36 AssignmentStmt: IdentifierStmt SUB_ASSIGN . Expression

    INT        shift, and go to state 2
    FLOAT      shift, and go to state 3
    TRUE       shift, and go to state 10
    FALSE      shift, and go to state 11
    INT_LIT    shift, and go to state 12
    FLOAT_LIT  shift, and go to state 13
    BOOL_LIT   shift, and go to state 14
    IDENT      shift, and go to state 15
    '('        shift, and go to state 17
    '"'        shift, and go to state 18
    '+'        shift, and go to state 19
    '-'        shift, and go to state 20
    '!'        shift, and go to state 21

    Operand         go to state 26
    Literal         go to state 51
    ConversionExpr  go to state 28
    Identifier      go to state 52
    Expression      go to state 124
    Term            go to state 43
    Factor          go to state 54
    UnaryExpr       go to state 45


State 79

   37 AssignmentStmt: IdentifierStmt MUL_ASSIGN . Expression

    INT        shift, and go to state 2
    FLOAT      shift, and go to state 3
    TRUE       shift, and go to state 10
    FALSE      shift, and go to state 11
    INT_LIT    shift, and go to state 12
    FLOAT_LIT  shift, and go to state 13
    BOOL_LIT   shift, and go to state 14
    IDENT      shift, and go to state 15
    '('        shift, and go to state 17
    '"'        shift, and go to state 18
    '+'        shift, and go to state 19
    '-'        shift, and go to state 20
    '!'        shift, and go to state 21

    Operand         go to state 26
    Literal         go to state 51
    ConversionExpr  go to state 28
    Identifier      go to state 52
    Expression      go to state 125
    Term            go to state 43
    Factor          go to state 54
    UnaryExpr       go to state 45


State 80

   38 AssignmentStmt: IdentifierStmt QUO_ASSIGN . Expression

    INT        shift, and go to state 2
    FLOAT      shift, and go to state 3
    TRUE       shift, and go to state 10
    FALSE      shift, and go to state 11
    INT_LIT    shift, and go to state 12
    FLOAT_LIT  shift, and go to state 13
    BOOL_LIT   shift, and go to state 14
    IDENT      shift, and go to state 15
    '('        shift, and go to state 17
    '"'        shift, and go to state 18
    '+'        shift, and go to state 19
    '-'        shift, and go to state 20
    '!'        shift, and go to state 21

    Operand         go to state 26
    Literal         go to state 51
    ConversionExpr  go to state 28
    Identifier      go to state 52
    Expression      go to state 126
    Term            go to state 43
    Factor          go to state 54
    UnaryExpr       go to state 45


State 81

   39 AssignmentStmt: IdentifierStmt REM_ASSIGN . Expression

    INT        shift, and go to state 2
    FLOAT      shift, and go to state 3
    TRUE       shift, and go to state 10
    FALSE      shift, and go to state 11
    INT_LIT    shift, and go to state 12
    FLOAT_LIT  shift, and go to state 13
    BOOL_LIT   shift, and go to state 14
    IDENT      shift, and go to state 15
    '('        shift, and go to state 17
    '"'        shift, and go to state 18
    '+'        shift, and go to state 19
    '-'        shift, and go to state 20
    '!'        shift, and go to state 21

    Operand         go to state 26
    Literal         go to state 51
    ConversionExpr  go to state 28
    Identifier      go to state 52
    Expression      go to state 127
    Term            go to state 43
    Factor          go to state 54
    UnaryExpr       go to state 45


State 82

   34 AssignmentStmt: IdentifierStmt '=' . Expression

    INT        shift, and go to state 2
    FLOAT      shift, and go to state 3
    TRUE       shift, and go to state 10
    FALSE      shift, and go to state 11
    INT_LIT    shift, and go to state 12
    FLOAT_LIT  shift, and go to state 13
    BOOL_LIT   shift, and go to state 14
    IDENT      shift, and go to state 15
    '('        shift, and go to state 17
    '"'        shift, and go to state 18
    '+'        shift, and go to state 19
    '-'        shift, and go to state 20
    '!'        shift, and go to state 21

    Operand         go to state 26
    Literal         go to state 51
    ConversionExpr  go to state 28
    Identifier      go to state 52
    Expression      go to state 128
    Term            go to state 43
    Factor          go to state 54
    UnaryExpr       go to state 45


State 83

    9 Statement: PrintStmt NEWLINE .

    $default  reduce using rule 9 (Statement)


State 84

   57 LogiLOR: LogiLOR LOR . LogiLAND

    INT        shift, and go to state 2
    FLOAT      shift, and go to state 3
    TRUE       shift, and go to state 10
    FALSE      shift, and go to state 11
    INT_LIT    shift, and go to state 12
    FLOAT_LIT  shift, and go to state 13
    BOOL_LIT   shift, and go to state 14
    IDENT      shift, and go to state 15
    '('        shift, and go to state 17
    '"'        shift, and go to state 18
    '+'        shift, and go to state 19
    '-'        shift, and go to state 20
    '!'        shift, and go to state 21

    Operand         go to state 26
    Literal         go to state 51
    ConversionExpr  go to state 28
    Identifier      go to state 52
    LogiLAND        go to state 129
    Comparison      go to state 41
    Expression      go to state 42
    Term            go to state 43
    Factor          go to state 54
    UnaryExpr       go to state 45


State 85

   59 LogiLAND: LogiLAND LAND . Comparison

    INT        shift, and go to state 2
    FLOAT      shift, and go to state 3
    TRUE       shift, and go to state 10
    FALSE      shift, and go to state 11
    INT_LIT    shift, and go to state 12
    FLOAT_LIT  shift, and go to state 13
    BOOL_LIT   shift, and go to state 14
    IDENT      shift, and go to state 15
    '('        shift, and go to state 17
    '"'        shift, and go to state 18
    '+'        shift, and go to state 19
    '-'        shift, and go to state 20
    '!'        shift, and go to state 21

    Operand         go to state 26
    Literal         go to state 51
    ConversionExpr  go to state 28
    Identifier      go to state 52
    Comparison      go to state 130
    Expression      go to state 42
    Term            go to state 43
    Factor          go to state 54
    UnaryExpr       go to state 45


State 86

   63 Comparison: Comparison GEQ . Expression

    INT        shift, and go to state 2
    FLOAT      shift, and go to state 3
    TRUE       shift, and go to state 10
    FALSE      shift, and go to state 11
    INT_LIT    shift, and go to state 12
    FLOAT_LIT  shift, and go to state 13
    BOOL_LIT   shift, and go to state 14
    IDENT      shift, and go to state 15
    '('        shift, and go to state 17
    '"'        shift, and go to state 18
    '+'        shift, and go to state 19
    '-'        shift, and go to state 20
    '!'        shift, and go to state 21

    Operand         go to state 26
    Literal         go to state 51
    ConversionExpr  go to state 28
    Identifier      go to state 52
    Expression      go to state 131
    Term            go to state 43
    Factor          go to state 54
    UnaryExpr       go to state 45


State 87

   64 Comparison: Comparison LEQ . Expression

    INT        shift, and go to state 2
    FLOAT      shift, and go to state 3
    TRUE       shift, and go to state 10
    FALSE      shift, and go to state 11
    INT_LIT    shift, and go to state 12
    FLOAT_LIT  shift, and go to state 13
    BOOL_LIT   shift, and go to state 14
    IDENT      shift, and go to state 15
    '('        shift, and go to state 17
    '"'        shift, and go to state 18
    '+'        shift, and go to state 19
    '-'        shift, and go to state 20
    '!'        shift, and go to state 21

    Operand         go to state 26
    Literal         go to state 51
    ConversionExpr  go to state 28
    Identifier      go to state 52
    Expression      go to state 132
    Term            go to state 43
    Factor          go to state 54
    UnaryExpr       go to state 45


State 88

   65 Comparison: Comparison EQL . Expression

    INT        shift, and go to state 2
    FLOAT      shift, and go to state 3
    TRUE       shift, and go to state 10
    FALSE      shift, and go to state 11
    INT_LIT    shift, and go to state 12
    FLOAT_LIT  shift, and go to state 13
    BOOL_LIT   shift, and go to state 14
    IDENT      shift, and go to state 15
    '('        shift, and go to state 17
    '"'        shift, and go to state 18
    '+'        shift, and go to state 19
    '-'        shift, and go to state 20
    '!'        shift, and go to state 21

    Operand         go to state 26
    Literal         go to state 51
    ConversionExpr  go to state 28
    Identifier      go to state 52
    Expression      go to state 133
    Term            go to state 43
    Factor          go to state 54
    UnaryExpr       go to state 45


State 89

   66 Comparison: Comparison NEQ . Expression

    INT        shift, and go to state 2
    FLOAT      shift, and go to state 3
    TRUE       shift, and go to state 10
    FALSE      shift, and go to state 11
    INT_LIT    shift, and go to state 12
    FLOAT_LIT  shift, and go to state 13
    BOOL_LIT   shift, and go to state 14
    IDENT      shift, and go to state 15
    '('        shift, and go to state 17
    '"'        shift, and go to state 18
    '+'        shift, and go to state 19
    '-'        shift, and go to state 20
    '!'        shift, and go to state 21

    Operand         go to state 26
    Literal         go to state 51
    ConversionExpr  go to state 28
    Identifier      go to state 52
    Expression      go to state 134
    Term            go to state 43
    Factor          go to state 54
    UnaryExpr       go to state 45


State 90

   61 Comparison: Comparison GTR . Expression

    INT        shift, and go to state 2
    FLOAT      shift, and go to state 3
    TRUE       shift, and go to state 10
    FALSE      shift, and go to state 11
    INT_LIT    shift, and go to state 12
    FLOAT_LIT  shift, and go to state 13
    BOOL_LIT   shift, and go to state 14
    IDENT      shift, and go to state 15
    '('        shift, and go to state 17
    '"'        shift, and go to state 18
    '+'        shift, and go to state 19
    '-'        shift, and go to state 20
    '!'        shift, and go to state 21

    Operand         go to state 26
    Literal         go to state 51
    ConversionExpr  go to state 28
    Identifier      go to state 52
    Expression      go to state 135
    Term            go to state 43
    Factor          go to state 54
    UnaryExpr       go to state 45


State 91

   62 Comparison: Comparison LSS . Expression

    INT        shift, and go to state 2
    FLOAT      shift, and go to state 3
    TRUE       shift, and go to state 10
    FALSE      shift, and go to state 11
    INT_LIT    shift, and go to state 12
    FLOAT_LIT  shift, and go to state 13
    BOOL_LIT   shift, and go to state 14
    IDENT      shift, and go to state 15
    '('        shift, and go to state 17
    '"'        shift, and go to state 18
    '+'        shift, and go to state 19
    '-'        shift, and go to state 20
    '!'        shift, and go to state 21

    Operand         go to state 26
    Literal         go to state 51
    ConversionExpr  go to state 28
    Identifier      go to state 52
    Expression      go to state 136
    Term            go to state 43
    Factor          go to state 54
    UnaryExpr       go to state 45


State 92

   68 Expression: Expression '+' . Term

    INT        shift, and go to state 2
    FLOAT      shift, and go to state 3
    TRUE       shift, and go to state 10
    FALSE      shift, and go to state 11
    INT_LIT    shift, and go to state 12
    FLOAT_LIT  shift, and go to state 13
    BOOL_LIT   shift, and go to state 14
    IDENT      shift, and go to state 15
    '('        shift, and go to state 17
    '"'        shift, and go to state 18
    '+'        shift, and go to state 19
    '-'        shift, and go to state 20
    '!'        shift, and go to state 21

    Operand         go to state 26
    Literal         go to state 51
    ConversionExpr  go to state 28
    Identifier      go to state 52
    Term            go to state 137
    Factor          go to state 54
    UnaryExpr       go to state 45


State 93

   69 Expression: Expression '-' . Term

    INT        shift, and go to state 2
    FLOAT      shift, and go to state 3
    TRUE       shift, and go to state 10
    FALSE      shift, and go to state 11
    INT_LIT    shift, and go to state 12
    FLOAT_LIT  shift, and go to state 13
    BOOL_LIT   shift, and go to state 14
    IDENT      shift, and go to state 15
    '('        shift, and go to state 17
    '"'        shift, and go to state 18
    '+'        shift, and go to state 19
    '-'        shift, and go to state 20
    '!'        shift, and go to state 21

    Operand         go to state 26
    Literal         go to state 51
    ConversionExpr  go to state 28
    Identifier      go to state 52
    Term            go to state 138
    Factor          go to state 54
    UnaryExpr       go to state 45


State 94

   71 Term: Term '*' . Factor

    TRUE       shift, and go to state 10
    FALSE      shift, and go to state 11
    INT_LIT    shift, and go to state 12
    FLOAT_LIT  shift, and go to state 13
    BOOL_LIT   shift, and go to state 14
    IDENT      shift, and go to state 15
    '('        shift, and go to state 17
    '"'        shift, and go to state 18
    '+'        shift, and go to state 19
    '-'        shift, and go to state 20
    '!'        shift, and go to state 21

    Operand     go to state 26
    Literal     go to state 51
    Identifier  go to state 52
    Factor      go to state 139
    UnaryExpr   go to state 45


State 95

   72 Term: Term '/' . Factor

    TRUE       shift, and go to state 10
    FALSE      shift, and go to state 11
    INT_LIT    shift, and go to state 12
    FLOAT_LIT  shift, and go to state 13
    BOOL_LIT   shift, and go to state 14
    IDENT      shift, and go to state 15
    '('        shift, and go to state 17
    '"'        shift, and go to state 18
    '+'        shift, and go to state 19
    '-'        shift, and go to state 20
    '!'        shift, and go to state 21

    Operand     go to state 26
    Literal     go to state 51
    Identifier  go to state 52
    Factor      go to state 140
    UnaryExpr   go to state 45


State 96

   73 Term: Term '%' . Factor

    TRUE       shift, and go to state 10
    FALSE      shift, and go to state 11
    INT_LIT    shift, and go to state 12
    FLOAT_LIT  shift, and go to state 13
    BOOL_LIT   shift, and go to state 14
    IDENT      shift, and go to state 15
    '('        shift, and go to state 17
    '"'        shift, and go to state 18
    '+'        shift, and go to state 19
    '-'        shift, and go to state 20
    '!'        shift, and go to state 21

    Operand     go to state 26
    Literal     go to state 51
    Identifier  go to state 52
    Factor      go to state 141
    UnaryExpr   go to state 45


State 97

   42 IncDecStmt: Factor INC .

    $default  reduce using rule 42 (IncDecStmt)


State 98

   43 IncDecStmt: Factor DEC .

    $default  reduce using rule 43 (IncDecStmt)


State 99

   21 TypeName: INT .

    $default  reduce using rule 21 (TypeName)


State 100

   22 TypeName: FLOAT .

    $default  reduce using rule 22 (TypeName)


State 101

   24 TypeName: BOOL .

    $default  reduce using rule 24 (TypeName)


State 102

   23 TypeName: STRING .

    $default  reduce using rule 23 (TypeName)


State 103

   25 ArrayType: '[' . Literal ']'

    INT_LIT    shift, and go to state 12
    FLOAT_LIT  shift, and go to state 13
    BOOL_LIT   shift, and go to state 14
    '"'        shift, and go to state 18

    Literal  go to state 142


State 104

   26 DeclarationStmt: VAR IDENT TypeName .
   27                | VAR IDENT TypeName . '=' Factor

    '='  shift, and go to state 143

    $default  reduce using rule 26 (DeclarationStmt)


State 105

   28 DeclarationStmt: VAR IDENT ArrayType . TypeName

    INT     shift, and go to state 99
    FLOAT   shift, and go to state 100
    BOOL    shift, and go to state 101
    STRING  shift, and go to state 102

    TypeName  go to state 144


State 106

   19 ConversionExpr: INT '(' Factor . ')'

    ')'  shift, and go to state 145


State 107

   20 ConversionExpr: FLOAT '(' Factor . ')'

    ')'  shift, and go to state 146


State 108

   55 PrintStmt: PRINT '(' LogiLOR . ')'
   57 LogiLOR: LogiLOR . LOR LogiLAND

    LOR  shift, and go to state 84
    ')'  shift, and go to state 147


State 109

   56 PrintStmt: PRINTLN '(' LogiLOR . ')'
   57 LogiLOR: LogiLOR . LOR LogiLAND

    LOR  shift, and go to state 84
    ')'  shift, and go to state 148


State 110

   77 Factor: Identifier '[' . Expression ']'

    INT        shift, and go to state 2
    FLOAT      shift, and go to state 3
    TRUE       shift, and go to state 10
    FALSE      shift, and go to state 11
    INT_LIT    shift, and go to state 12
    FLOAT_LIT  shift, and go to state 13
    BOOL_LIT   shift, and go to state 14
    IDENT      shift, and go to state 15
    '('        shift, and go to state 17
    '"'        shift, and go to state 18
    '+'        shift, and go to state 19
    '-'        shift, and go to state 20
    '!'        shift, and go to state 21

    Operand         go to state 26
    Literal         go to state 51
    ConversionExpr  go to state 28
    Identifier      go to state 52
    Expression      go to state 122
    Term            go to state 43
    Factor          go to state 54
    UnaryExpr       go to state 45


State 111

   54 ForStmt: FOR SimpleStmt ';' . Comparison ';' SimpleStmt

    INT        shift, and go to state 2
    FLOAT      shift, and go to state 3
    TRUE       shift, and go to state 10
    FALSE      shift, and go to state 11
    INT_LIT    shift, and go to state 12
    FLOAT_LIT  shift, and go to state 13
    BOOL_LIT   shift, and go to state 14
    IDENT      shift, and go to state 15
    '('        shift, and go to state 17
    '"'        shift, and go to state 18
    '+'        shift, and go to state 19
    '-'        shift, and go to state 20
    '!'        shift, and go to state 21

    Operand         go to state 26
    Literal         go to state 51
    ConversionExpr  go to state 28
    Identifier      go to state 52
    Comparison      go to state 149
    Expression      go to state 42
    Term            go to state 43
    Factor          go to state 54
    UnaryExpr       go to state 45


State 112

   11 Block: '{' StatementList '}' .

    $default  reduce using rule 11 (Block)


State 113

   14 Operand: '(' Expression ')' .

    $default  reduce using rule 14 (Operand)


State 114

   18 Literal: '"' STRING_LIT '"' .

    $default  reduce using rule 18 (Literal)


State 115

   45 ErrorStmt: Literal ADD_ASSIGN Expression .
   68 Expression: Expression . '+' Term
   69           | Expression . '-' Term

    '+'  shift, and go to state 92
    '-'  shift, and go to state 93

    '+'       [reduce using rule 45 (ErrorStmt)]
    '-'       [reduce using rule 45 (ErrorStmt)]
    $default  reduce using rule 45 (ErrorStmt)


State 116

   46 ErrorStmt: Literal SUB_ASSIGN Expression .
   68 Expression: Expression . '+' Term
   69           | Expression . '-' Term

    '+'  shift, and go to state 92
    '-'  shift, and go to state 93

    '+'       [reduce using rule 46 (ErrorStmt)]
    '-'       [reduce using rule 46 (ErrorStmt)]
    $default  reduce using rule 46 (ErrorStmt)


State 117

   47 ErrorStmt: Literal MUL_ASSIGN Expression .
   68 Expression: Expression . '+' Term
   69           | Expression . '-' Term

    '+'  shift, and go to state 92
    '-'  shift, and go to state 93

    '+'       [reduce using rule 47 (ErrorStmt)]
    '-'       [reduce using rule 47 (ErrorStmt)]
    $default  reduce using rule 47 (ErrorStmt)


State 118

   48 ErrorStmt: Literal QUO_ASSIGN Expression .
   68 Expression: Expression . '+' Term
   69           | Expression . '-' Term

    '+'  shift, and go to state 92
    '-'  shift, and go to state 93

    '+'       [reduce using rule 48 (ErrorStmt)]
    '-'       [reduce using rule 48 (ErrorStmt)]
    $default  reduce using rule 48 (ErrorStmt)


State 119

   49 ErrorStmt: Literal REM_ASSIGN Expression .
   68 Expression: Expression . '+' Term
   69           | Expression . '-' Term

    '+'  shift, and go to state 92
    '-'  shift, and go to state 93

    '+'       [reduce using rule 49 (ErrorStmt)]
    '-'       [reduce using rule 49 (ErrorStmt)]
    $default  reduce using rule 49 (ErrorStmt)


State 120

   44 ErrorStmt: Literal '=' Expression .
   68 Expression: Expression . '+' Term
   69           | Expression . '-' Term

    '+'  shift, and go to state 92
    '-'  shift, and go to state 93

    '+'       [reduce using rule 44 (ErrorStmt)]
    '-'       [reduce using rule 44 (ErrorStmt)]
    $default  reduce using rule 44 (ErrorStmt)


State 121

   12 Operand: Literal .
   25 ArrayType: '[' Literal . ']'

    ']'  shift, and go to state 150

    ']'       [reduce using rule 12 (Operand)]
    $default  reduce using rule 12 (Operand)


State 122

   68 Expression: Expression . '+' Term
   69           | Expression . '-' Term
   77 Factor: Identifier '[' Expression . ']'

    ']'  shift, and go to state 151
    '+'  shift, and go to state 92
    '-'  shift, and go to state 93


State 123

   35 AssignmentStmt: IdentifierStmt ADD_ASSIGN Expression .
   68 Expression: Expression . '+' Term
   69           | Expression . '-' Term

    '+'  shift, and go to state 92
    '-'  shift, and go to state 93

    '+'       [reduce using rule 35 (AssignmentStmt)]
    '-'       [reduce using rule 35 (AssignmentStmt)]
    $default  reduce using rule 35 (AssignmentStmt)


State 124

   36 AssignmentStmt: IdentifierStmt SUB_ASSIGN Expression .
   68 Expression: Expression . '+' Term
   69           | Expression . '-' Term

    '+'  shift, and go to state 92
    '-'  shift, and go to state 93

    '+'       [reduce using rule 36 (AssignmentStmt)]
    '-'       [reduce using rule 36 (AssignmentStmt)]
    $default  reduce using rule 36 (AssignmentStmt)


State 125

   37 AssignmentStmt: IdentifierStmt MUL_ASSIGN Expression .
   68 Expression: Expression . '+' Term
   69           | Expression . '-' Term

    '+'  shift, and go to state 92
    '-'  shift, and go to state 93

    '+'       [reduce using rule 37 (AssignmentStmt)]
    '-'       [reduce using rule 37 (AssignmentStmt)]
    $default  reduce using rule 37 (AssignmentStmt)


State 126

   38 AssignmentStmt: IdentifierStmt QUO_ASSIGN Expression .
   68 Expression: Expression . '+' Term
   69           | Expression . '-' Term

    '+'  shift, and go to state 92
    '-'  shift, and go to state 93

    '+'       [reduce using rule 38 (AssignmentStmt)]
    '-'       [reduce using rule 38 (AssignmentStmt)]
    $default  reduce using rule 38 (AssignmentStmt)


State 127

   39 AssignmentStmt: IdentifierStmt REM_ASSIGN Expression .
   68 Expression: Expression . '+' Term
   69           | Expression . '-' Term

    '+'  shift, and go to state 92
    '-'  shift, and go to state 93

    '+'       [reduce using rule 39 (AssignmentStmt)]
    '-'       [reduce using rule 39 (AssignmentStmt)]
    $default  reduce using rule 39 (AssignmentStmt)


State 128

   34 AssignmentStmt: IdentifierStmt '=' Expression .
   68 Expression: Expression . '+' Term
   69           | Expression . '-' Term

    '+'  shift, and go to state 92
    '-'  shift, and go to state 93

    '+'       [reduce using rule 34 (AssignmentStmt)]
    '-'       [reduce using rule 34 (AssignmentStmt)]
    $default  reduce using rule 34 (AssignmentStmt)


State 129

   57 LogiLOR: LogiLOR LOR LogiLAND .
   59 LogiLAND: LogiLAND . LAND Comparison

    LAND  shift, and go to state 85

    $default  reduce using rule 57 (LogiLOR)


State 130

   59 LogiLAND: LogiLAND LAND Comparison .
   61 Comparison: Comparison . GTR Expression
   62           | Comparison . LSS Expression
   63           | Comparison . GEQ Expression
   64           | Comparison . LEQ Expression
   65           | Comparison . EQL Expression
   66           | Comparison . NEQ Expression

    GEQ  shift, and go to state 86
    LEQ  shift, and go to state 87
    EQL  shift, and go to state 88
    NEQ  shift, and go to state 89
    GTR  shift, and go to state 90
    LSS  shift, and go to state 91

    $default  reduce using rule 59 (LogiLAND)


State 131

   63 Comparison: Comparison GEQ Expression .
   68 Expression: Expression . '+' Term
   69           | Expression . '-' Term

    '+'  shift, and go to state 92
    '-'  shift, and go to state 93

    '+'       [reduce using rule 63 (Comparison)]
    '-'       [reduce using rule 63 (Comparison)]
    $default  reduce using rule 63 (Comparison)


State 132

   64 Comparison: Comparison LEQ Expression .
   68 Expression: Expression . '+' Term
   69           | Expression . '-' Term

    '+'  shift, and go to state 92
    '-'  shift, and go to state 93

    '+'       [reduce using rule 64 (Comparison)]
    '-'       [reduce using rule 64 (Comparison)]
    $default  reduce using rule 64 (Comparison)


State 133

   65 Comparison: Comparison EQL Expression .
   68 Expression: Expression . '+' Term
   69           | Expression . '-' Term

    '+'  shift, and go to state 92
    '-'  shift, and go to state 93

    '+'       [reduce using rule 65 (Comparison)]
    '-'       [reduce using rule 65 (Comparison)]
    $default  reduce using rule 65 (Comparison)


State 134

   66 Comparison: Comparison NEQ Expression .
   68 Expression: Expression . '+' Term
   69           | Expression . '-' Term

    '+'  shift, and go to state 92
    '-'  shift, and go to state 93

    '+'       [reduce using rule 66 (Comparison)]
    '-'       [reduce using rule 66 (Comparison)]
    $default  reduce using rule 66 (Comparison)


State 135

   61 Comparison: Comparison GTR Expression .
   68 Expression: Expression . '+' Term
   69           | Expression . '-' Term

    '+'  shift, and go to state 92
    '-'  shift, and go to state 93

    '+'       [reduce using rule 61 (Comparison)]
    '-'       [reduce using rule 61 (Comparison)]
    $default  reduce using rule 61 (Comparison)


State 136

   62 Comparison: Comparison LSS Expression .
   68 Expression: Expression . '+' Term
   69           | Expression . '-' Term

    '+'  shift, and go to state 92
    '-'  shift, and go to state 93

    '+'       [reduce using rule 62 (Comparison)]
    '-'       [reduce using rule 62 (Comparison)]
    $default  reduce using rule 62 (Comparison)


State 137

   68 Expression: Expression '+' Term .
   71 Term: Term . '*' Factor
   72     | Term . '/' Factor
   73     | Term . '%' Factor

    '*'  shift, and go to state 94
    '/'  shift, and go to state 95
    '%'  shift, and go to state 96

    $default  reduce using rule 68 (Expression)


State 138

   69 Expression: Expression '-' Term .
   71 Term: Term . '*' Factor
   72     | Term . '/' Factor
   73     | Term . '%' Factor

    '*'  shift, and go to state 94
    '/'  shift, and go to state 95
    '%'  shift, and go to state 96

    $default  reduce using rule 69 (Expression)


State 139

   71 Term: Term '*' Factor .

    $default  reduce using rule 71 (Term)


State 140

   72 Term: Term '/' Factor .

    $default  reduce using rule 72 (Term)


State 141

   73 Term: Term '%' Factor .

    $default  reduce using rule 73 (Term)


State 142

   25 ArrayType: '[' Literal . ']'

    ']'  shift, and go to state 150


State 143

   27 DeclarationStmt: VAR IDENT TypeName '=' . Factor

    TRUE       shift, and go to state 10
    FALSE      shift, and go to state 11
    INT_LIT    shift, and go to state 12
    FLOAT_LIT  shift, and go to state 13
    BOOL_LIT   shift, and go to state 14
    IDENT      shift, and go to state 15
    '('        shift, and go to state 17
    '"'        shift, and go to state 18
    '+'        shift, and go to state 19
    '-'        shift, and go to state 20
    '!'        shift, and go to state 21

    Operand     go to state 26
    Literal     go to state 51
    Identifier  go to state 52
    Factor      go to state 152
    UnaryExpr   go to state 45


State 144

   28 DeclarationStmt: VAR IDENT ArrayType TypeName .

    $default  reduce using rule 28 (DeclarationStmt)


State 145

   19 ConversionExpr: INT '(' Factor ')' .

    $default  reduce using rule 19 (ConversionExpr)


State 146

   20 ConversionExpr: FLOAT '(' Factor ')' .

    $default  reduce using rule 20 (ConversionExpr)


State 147

   55 PrintStmt: PRINT '(' LogiLOR ')' .

    $default  reduce using rule 55 (PrintStmt)


State 148

   56 PrintStmt: PRINTLN '(' LogiLOR ')' .

    $default  reduce using rule 56 (PrintStmt)


State 149

   54 ForStmt: FOR SimpleStmt ';' Comparison . ';' SimpleStmt
   61 Comparison: Comparison . GTR Expression
   62           | Comparison . LSS Expression
   63           | Comparison . GEQ Expression
   64           | Comparison . LEQ Expression
   65           | Comparison . EQL Expression
   66           | Comparison . NEQ Expression

    GEQ  shift, and go to state 86
    LEQ  shift, and go to state 87
    EQL  shift, and go to state 88
    NEQ  shift, and go to state 89
    GTR  shift, and go to state 90
    LSS  shift, and go to state 91
    ';'  shift, and go to state 153


State 150

   25 ArrayType: '[' Literal ']' .

    $default  reduce using rule 25 (ArrayType)


State 151

   77 Factor: Identifier '[' Expression ']' .

    $default  reduce using rule 77 (Factor)


State 152

   27 DeclarationStmt: VAR IDENT TypeName '=' Factor .

    $default  reduce using rule 27 (DeclarationStmt)


State 153

   54 ForStmt: FOR SimpleStmt ';' Comparison ';' . SimpleStmt

    INT        shift, and go to state 2
    FLOAT      shift, and go to state 3
    TRUE       shift, and go to state 10
    FALSE      shift, and go to state 11
    INT_LIT    shift, and go to state 12
    FLOAT_LIT  shift, and go to state 13
    BOOL_LIT   shift, and go to state 14
    IDENT      shift, and go to state 15
    '('        shift, and go to state 17
    '"'        shift, and go to state 18
    '+'        shift, and go to state 19
    '-'        shift, and go to state 20
    '!'        shift, and go to state 21

    Operand         go to state 26
    Literal         go to state 27
    ConversionExpr  go to state 28
    Identifier      go to state 30
    SimpleStmt      go to state 154
    AssignmentStmt  go to state 32
    IdentifierStmt  go to state 33
    IncDecStmt      go to state 34
    ErrorStmt       go to state 35
    LogiLOR         go to state 39
    LogiLAND        go to state 40
    Comparison      go to state 41
    Expression      go to state 42
    Term            go to state 43
    Factor          go to state 44
    UnaryExpr       go to state 45


State 154

   54 ForStmt: FOR SimpleStmt ';' Comparison ';' SimpleStmt .

    $default  reduce using rule 54 (ForStmt)
